<?xml version="1.0" encoding="UTF-8"?>
<!-- Generated by org.testng.reporters.JUnitReportReporter -->
<testsuite skipped="1" hostname="MacBook-Air" name="com.datadriven.testng.Dataprovider" tests="1" failures="0" timestamp="2023-01-25T18:55:04 EST" time="0.000" errors="0">
  <testcase name="registrationPage" time="0.000" classname="com.datadriven.testng.Dataprovider">
    <skipped/>
  </testcase> <!-- registrationPage -->
  <system-out/>
</testsuite> <!-- com.datadriven.testng.Dataprovider -->
