<?xml version="1.0" encoding="UTF-8"?>
<!-- Generated by org.testng.reporters.JUnitReportReporter -->
<testsuite skipped="0" hostname="MacBook-Air" name="writesampletestcase.readFromExcel" tests="1" failures="0" timestamp="2023-01-30T12:51:28 EST" time="1.447" errors="0">
  <testcase name="excelfile" time="1.447" classname="writesampletestcase.readFromExcel"/>
  <system-out/>
</testsuite> <!-- writesampletestcase.readFromExcel -->
