<?xml version="1.0" encoding="UTF-8"?>
<!-- Generated by org.testng.reporters.JUnitReportReporter -->
<testsuite hostname="Aina" failures="0" tests="1" name="writesampletestcase.checkboxtest" time="28.674" errors="0" timestamp="2023-02-12T07:43:33 EST" skipped="0">
  <testcase classname="writesampletestcase.checkboxtest" name="test" time="28.674"/>
  <system-out/>
</testsuite> <!-- writesampletestcase.checkboxtest -->
