<?xml version="1.0" encoding="UTF-8"?>
<!-- Generated by org.testng.reporters.JUnitReportReporter -->
<testsuite hostname="Aina" failures="0" tests="2" name="writesampletestcase.Newtest" time="0.016" errors="0" timestamp="2023-04-02T13:59:00 EDT" skipped="0">
  <testcase classname="writesampletestcase.Newtest" name="SearchTest" time="0.014"/>
  <system-out/>
  <testcase classname="writesampletestcase.Newtest" name="googleTitleTest" time="0.002"/>
  <system-out/>
</testsuite> <!-- writesampletestcase.Newtest -->
